<?xml version="1.0" encoding="UTF-8"?>
<robot generator="Robot 7.0 (Python 3.12.1 on win32)" generated="2024-03-21T13:33:30.296485" rpa="false" schemaversion="5">
<suite id="s1" name="Api Testing Usuarios" source="C:\Users\Pc\Documents\curriculo\TEST_API_RobotFramework\tests\api_testing_usuarios.robot">
<test id="s1-t1" name="Caso de teste 01: Cadastrar um novo usuário na ServeRest" line="8">
<kw name="Criar um usuário novo" owner="api_testing_usuarios">
<kw name="Generate Random String" owner="String">
<msg time="2024-03-21T13:33:30.891891" level="INFO">${palavra_aleatoria} = EfKn</msg>
<var>${palavra_aleatoria}</var>
<arg>length=4</arg>
<arg>chars=[LETTERS]</arg>
<doc>Generates a string with a desired ``length`` from the given ``chars``.</doc>
<status status="PASS" start="2024-03-21T13:33:30.890894" elapsed="0.000997"/>
</kw>
<kw name="Convert To Lower Case" owner="String">
<msg time="2024-03-21T13:33:30.893886" level="INFO">${palavra_aleatoria} = efkn</msg>
<var>${palavra_aleatoria}</var>
<arg>${palavra_aleatoria}</arg>
<doc>Converts string to lower case.</doc>
<status status="PASS" start="2024-03-21T13:33:30.892889" elapsed="0.000997"/>
</kw>
<kw name="Set Test Variable" owner="BuiltIn">
<msg time="2024-03-21T13:33:30.896878" level="INFO">${EMAIL_TEST} = efkn@emaitest.com</msg>
<arg>${EMAIL_TEST}</arg>
<arg>${palavra_aleatoria}@emaitest.com</arg>
<doc>Makes a variable available everywhere within the scope of the current test.</doc>
<status status="PASS" start="2024-03-21T13:33:30.893886" elapsed="0.002992"/>
</kw>
<kw name="Log" owner="BuiltIn">
<msg time="2024-03-21T13:33:30.897876" level="INFO">efkn@emaitest.com</msg>
<arg>${EMAIL_TEST}</arg>
<doc>Logs the given message with the given level.</doc>
<status status="PASS" start="2024-03-21T13:33:30.896878" elapsed="0.000998"/>
</kw>
<status status="PASS" start="2024-03-21T13:33:30.888900" elapsed="0.008976"/>
</kw>
<kw name="Cadastrar o usuario criado na ServeRest" owner="api_testing_usuarios">
<kw name="Create Dictionary" owner="BuiltIn">
<msg time="2024-03-21T13:33:30.900867" level="INFO">${body} = {'nome': 'Weslley da Silva', 'email': 'efkn@emaitest.com', 'password': '47007', 'administrador': 'true'}</msg>
<var>${body}</var>
<arg>nome=Weslley da Silva</arg>
<arg>email=${email}</arg>
<arg>password=47007</arg>
<arg>administrador=true</arg>
<doc>Creates and returns a dictionary based on the given ``items``.</doc>
<status status="PASS" start="2024-03-21T13:33:30.900867" elapsed="0.000998"/>
</kw>
<kw name="Log" owner="BuiltIn">
<msg time="2024-03-21T13:33:30.901865" level="INFO">{'nome': 'Weslley da Silva', 'email': 'efkn@emaitest.com', 'password': '47007', 'administrador': 'true'}</msg>
<arg>${body}</arg>
<doc>Logs the given message with the given level.</doc>
<status status="PASS" start="2024-03-21T13:33:30.901865" elapsed="0.000000"/>
</kw>
<kw name="Cria sessão na ServeRest" owner="api_testing_usuarios">
<kw name="Create Dictionary" owner="BuiltIn">
<msg time="2024-03-21T13:33:30.903861" level="INFO">${headers} = {'accept': 'application/json', 'Content-type': 'application/json'}</msg>
<var>${headers}</var>
<arg>accept=application/json</arg>
<arg>Content-type=application/json</arg>
<doc>Creates and returns a dictionary based on the given ``items``.</doc>
<status status="PASS" start="2024-03-21T13:33:30.902862" elapsed="0.000999"/>
</kw>
<kw name="Create Session" owner="RequestsLibrary">
<msg time="2024-03-21T13:33:30.903861" level="INFO">Creating Session using : alias=ServeRest, url=https://serverest.dev, headers={'accept': 'application/json', 'Content-type': 'application/json'},                     cookies={}, auth=None, timeout=None, proxies=None, verify=False,                     debug=0 </msg>
<arg>alias=ServeRest</arg>
<arg>url=https://serverest.dev</arg>
<arg>headers=${headers}</arg>
<doc>Create Session: create a HTTP session to a server</doc>
<status status="PASS" start="2024-03-21T13:33:30.903861" elapsed="0.000995"/>
</kw>
<status status="PASS" start="2024-03-21T13:33:30.902862" elapsed="0.001994"/>
</kw>
<kw name="POST On Session" owner="RequestsLibrary">
<msg time="2024-03-21T13:33:31.616952" level="INFO">POST Request : url=https://serverest.dev/usuarios 
 path_url=/usuarios 
 headers={'User-Agent': 'python-requests/2.31.0', 'Accept-Encoding': 'gzip, deflate', 'accept': 'application/json', 'Connection': 'keep-alive', 'Content-type': 'application/json', 'Content-Length': '104'} 
 body=b'{"nome": "Weslley da Silva", "email": "efkn@emaitest.com", "password": "47007", "administrador": "true"}' 
 </msg>
<msg time="2024-03-21T13:33:31.616952" level="INFO">POST Response : url=https://serverest.dev/usuarios 
 status=201, reason=Created 
 headers={'access-control-allow-origin': '*', 'x-dns-prefetch-control': 'off', 'x-frame-options': 'SAMEORIGIN', 'strict-transport-security': 'max-age=15552000; includeSubDomains', 'x-download-options': 'noopen', 'x-content-type-options': 'nosniff', 'x-xss-protection': '1; mode=block', 'content-type': 'application/json; charset=utf-8', 'X-Cloud-Trace-Context': 'e58fda7a4b9d981f16b689846a0209ff', 'Date': 'Thu, 21 Mar 2024 16:33:31 GMT', 'Server': 'Google Frontend', 'Content-Length': '82'} 
 body={
    "message": "Cadastro realizado com sucesso",
    "_id": "P97TH07phECcx7AA"
} 
 </msg>
<msg time="2024-03-21T13:33:31.617950" level="INFO">C:\Users\Pc\AppData\Local\Programs\Python\Python312\Lib\site-packages\urllib3\connectionpool.py:1103: InsecureRequestWarning: Unverified HTTPS request is being made to host 'serverest.dev'. Adding certificate verification is strongly advised. See: https://urllib3.readthedocs.io/en/latest/advanced-usage.html#tls-warnings
  warnings.warn(</msg>
<msg time="2024-03-21T13:33:31.621940" level="INFO">${resposta} = &lt;Response [201]&gt;</msg>
<var>${resposta}</var>
<arg>alias=ServeRest</arg>
<arg>url=/usuarios</arg>
<arg>json=${body}</arg>
<arg>expected_status=${status_code_desejado}</arg>
<doc>Sends a POST request on a previously created HTTP Session.</doc>
<status status="PASS" start="2024-03-21T13:33:30.904856" elapsed="0.717084"/>
</kw>
<kw name="Log" owner="BuiltIn">
<msg time="2024-03-21T13:33:31.623933" level="INFO">{'message': 'Cadastro realizado com sucesso', '_id': 'P97TH07phECcx7AA'}</msg>
<arg>${resposta.json()}</arg>
<doc>Logs the given message with the given level.</doc>
<status status="PASS" start="2024-03-21T13:33:31.621940" elapsed="0.001993"/>
</kw>
<kw name="Set Test Variable" owner="BuiltIn">
<msg time="2024-03-21T13:33:31.624931" level="INFO">${RESPOSTA} = {'message': 'Cadastro realizado com sucesso', '_id': 'P97TH07phECcx7AA'}</msg>
<arg>${RESPOSTA}</arg>
<arg>${resposta.json()}</arg>
<doc>Makes a variable available everywhere within the scope of the current test.</doc>
<status status="PASS" start="2024-03-21T13:33:31.623933" elapsed="0.001995"/>
</kw>
<arg>email=${EMAIL_TEST}</arg>
<arg>status_code_desejado=201</arg>
<status status="PASS" start="2024-03-21T13:33:30.898873" elapsed="0.727055"/>
</kw>
<kw name="Conferir se o usuário foi cadastrado corretamente" owner="api_testing_usuarios">
<kw name="Log" owner="BuiltIn">
<msg time="2024-03-21T13:33:31.627923" level="INFO">{'message': 'Cadastro realizado com sucesso', '_id': 'P97TH07phECcx7AA'}</msg>
<arg>${RESPOSTA}</arg>
<doc>Logs the given message with the given level.</doc>
<status status="PASS" start="2024-03-21T13:33:31.626925" elapsed="0.000998"/>
</kw>
<kw name="Dictionary Should Contain Item" owner="Collections">
<msg time="2024-03-21T13:33:31.628924" level="INFO">False
False</msg>
<arg>${RESPOSTA}</arg>
<arg>message</arg>
<arg>Cadastro realizado com sucesso</arg>
<doc>An item of ``key`` / ``value`` must be found in a ``dictionary``.</doc>
<status status="PASS" start="2024-03-21T13:33:31.627923" elapsed="0.001001"/>
</kw>
<kw name="Dictionary Should Contain Key" owner="Collections">
<msg time="2024-03-21T13:33:31.629918" level="INFO">False</msg>
<arg>${RESPOSTA}</arg>
<arg>_id</arg>
<doc>Fails if ``key`` is not found from ``dictionary``.</doc>
<status status="PASS" start="2024-03-21T13:33:31.628924" elapsed="0.000994"/>
</kw>
<status status="PASS" start="2024-03-21T13:33:31.626925" elapsed="0.002993"/>
</kw>
<status status="PASS" start="2024-03-21T13:33:30.884910" elapsed="0.746006"/>
</test>
<test id="s1-t2" name="Caso de teste 02: Cadastrar um usuário já existente" line="13">
<kw name="Criar um usuário novo" owner="api_testing_usuarios">
<kw name="Generate Random String" owner="String">
<msg time="2024-03-21T13:33:31.636900" level="INFO">${palavra_aleatoria} = wIbf</msg>
<var>${palavra_aleatoria}</var>
<arg>length=4</arg>
<arg>chars=[LETTERS]</arg>
<doc>Generates a string with a desired ``length`` from the given ``chars``.</doc>
<status status="PASS" start="2024-03-21T13:33:31.635902" elapsed="0.000998"/>
</kw>
<kw name="Convert To Lower Case" owner="String">
<msg time="2024-03-21T13:33:31.637896" level="INFO">${palavra_aleatoria} = wibf</msg>
<var>${palavra_aleatoria}</var>
<arg>${palavra_aleatoria}</arg>
<doc>Converts string to lower case.</doc>
<status status="PASS" start="2024-03-21T13:33:31.636900" elapsed="0.000996"/>
</kw>
<kw name="Set Test Variable" owner="BuiltIn">
<msg time="2024-03-21T13:33:31.639891" level="INFO">${EMAIL_TEST} = wibf@emaitest.com</msg>
<arg>${EMAIL_TEST}</arg>
<arg>${palavra_aleatoria}@emaitest.com</arg>
<doc>Makes a variable available everywhere within the scope of the current test.</doc>
<status status="PASS" start="2024-03-21T13:33:31.637896" elapsed="0.002992"/>
</kw>
<kw name="Log" owner="BuiltIn">
<msg time="2024-03-21T13:33:31.640888" level="INFO">wibf@emaitest.com</msg>
<arg>${EMAIL_TEST}</arg>
<doc>Logs the given message with the given level.</doc>
<status status="PASS" start="2024-03-21T13:33:31.640888" elapsed="0.000998"/>
</kw>
<status status="PASS" start="2024-03-21T13:33:31.634905" elapsed="0.006981"/>
</kw>
<kw name="Cadastrar o usuario criado na ServeRest" owner="api_testing_usuarios">
<kw name="Create Dictionary" owner="BuiltIn">
<msg time="2024-03-21T13:33:31.644877" level="INFO">${body} = {'nome': 'Weslley da Silva', 'email': 'wibf@emaitest.com', 'password': '47007', 'administrador': 'true'}</msg>
<var>${body}</var>
<arg>nome=Weslley da Silva</arg>
<arg>email=${email}</arg>
<arg>password=47007</arg>
<arg>administrador=true</arg>
<doc>Creates and returns a dictionary based on the given ``items``.</doc>
<status status="PASS" start="2024-03-21T13:33:31.643880" elapsed="0.000997"/>
</kw>
<kw name="Log" owner="BuiltIn">
<msg time="2024-03-21T13:33:31.644877" level="INFO">{'nome': 'Weslley da Silva', 'email': 'wibf@emaitest.com', 'password': '47007', 'administrador': 'true'}</msg>
<arg>${body}</arg>
<doc>Logs the given message with the given level.</doc>
<status status="PASS" start="2024-03-21T13:33:31.644877" elapsed="0.000998"/>
</kw>
<kw name="Cria sessão na ServeRest" owner="api_testing_usuarios">
<kw name="Create Dictionary" owner="BuiltIn">
<msg time="2024-03-21T13:33:31.646873" level="INFO">${headers} = {'accept': 'application/json', 'Content-type': 'application/json'}</msg>
<var>${headers}</var>
<arg>accept=application/json</arg>
<arg>Content-type=application/json</arg>
<doc>Creates and returns a dictionary based on the given ``items``.</doc>
<status status="PASS" start="2024-03-21T13:33:31.646873" elapsed="0.000000"/>
</kw>
<kw name="Create Session" owner="RequestsLibrary">
<msg time="2024-03-21T13:33:31.647870" level="INFO">Creating Session using : alias=ServeRest, url=https://serverest.dev, headers={'accept': 'application/json', 'Content-type': 'application/json'},                     cookies={}, auth=None, timeout=None, proxies=None, verify=False,                     debug=0 </msg>
<arg>alias=ServeRest</arg>
<arg>url=https://serverest.dev</arg>
<arg>headers=${headers}</arg>
<doc>Create Session: create a HTTP session to a server</doc>
<status status="PASS" start="2024-03-21T13:33:31.647870" elapsed="0.000998"/>
</kw>
<status status="PASS" start="2024-03-21T13:33:31.645875" elapsed="0.002993"/>
</kw>
<kw name="POST On Session" owner="RequestsLibrary">
<msg time="2024-03-21T13:33:32.086697" level="INFO">POST Request : url=https://serverest.dev/usuarios 
 path_url=/usuarios 
 headers={'User-Agent': 'python-requests/2.31.0', 'Accept-Encoding': 'gzip, deflate', 'accept': 'application/json', 'Connection': 'keep-alive', 'Content-type': 'application/json', 'Content-Length': '104'} 
 body=b'{"nome": "Weslley da Silva", "email": "wibf@emaitest.com", "password": "47007", "administrador": "true"}' 
 </msg>
<msg time="2024-03-21T13:33:32.086697" level="INFO">POST Response : url=https://serverest.dev/usuarios 
 status=201, reason=Created 
 headers={'access-control-allow-origin': '*', 'x-dns-prefetch-control': 'off', 'x-frame-options': 'SAMEORIGIN', 'strict-transport-security': 'max-age=15552000; includeSubDomains', 'x-download-options': 'noopen', 'x-content-type-options': 'nosniff', 'x-xss-protection': '1; mode=block', 'content-type': 'application/json; charset=utf-8', 'X-Cloud-Trace-Context': 'c082d606c9b6849e03d37c1ad50be247', 'Date': 'Thu, 21 Mar 2024 16:33:32 GMT', 'Server': 'Google Frontend', 'Content-Length': '82'} 
 body={
    "message": "Cadastro realizado com sucesso",
    "_id": "tH9veS46EjVNgSwS"
} 
 </msg>
<msg time="2024-03-21T13:33:32.086697" level="INFO">C:\Users\Pc\AppData\Local\Programs\Python\Python312\Lib\site-packages\urllib3\connectionpool.py:1103: InsecureRequestWarning: Unverified HTTPS request is being made to host 'serverest.dev'. Adding certificate verification is strongly advised. See: https://urllib3.readthedocs.io/en/latest/advanced-usage.html#tls-warnings
  warnings.warn(</msg>
<msg time="2024-03-21T13:33:32.088691" level="INFO">${resposta} = &lt;Response [201]&gt;</msg>
<var>${resposta}</var>
<arg>alias=ServeRest</arg>
<arg>url=/usuarios</arg>
<arg>json=${body}</arg>
<arg>expected_status=${status_code_desejado}</arg>
<doc>Sends a POST request on a previously created HTTP Session.</doc>
<status status="PASS" start="2024-03-21T13:33:31.648868" elapsed="0.439823"/>
</kw>
<kw name="Log" owner="BuiltIn">
<msg time="2024-03-21T13:33:32.089689" level="INFO">{'message': 'Cadastro realizado com sucesso', '_id': 'tH9veS46EjVNgSwS'}</msg>
<arg>${resposta.json()}</arg>
<doc>Logs the given message with the given level.</doc>
<status status="PASS" start="2024-03-21T13:33:32.088691" elapsed="0.000998"/>
</kw>
<kw name="Set Test Variable" owner="BuiltIn">
<msg time="2024-03-21T13:33:32.090686" level="INFO">${RESPOSTA} = {'message': 'Cadastro realizado com sucesso', '_id': 'tH9veS46EjVNgSwS'}</msg>
<arg>${RESPOSTA}</arg>
<arg>${resposta.json()}</arg>
<doc>Makes a variable available everywhere within the scope of the current test.</doc>
<status status="PASS" start="2024-03-21T13:33:32.089689" elapsed="0.000997"/>
</kw>
<arg>email=${EMAIL_TEST}</arg>
<arg>status_code_desejado=201</arg>
<status status="PASS" start="2024-03-21T13:33:31.642884" elapsed="0.447802"/>
</kw>
<kw name="Vou repetir o cadastro do usuário" owner="api_testing_usuarios">
<kw name="Cadastrar o usuario criado na ServeRest" owner="api_testing_usuarios">
<kw name="Create Dictionary" owner="BuiltIn">
<msg time="2024-03-21T13:33:32.093681" level="INFO">${body} = {'nome': 'Weslley da Silva', 'email': 'wibf@emaitest.com', 'password': '47007', 'administrador': 'true'}</msg>
<var>${body}</var>
<arg>nome=Weslley da Silva</arg>
<arg>email=${email}</arg>
<arg>password=47007</arg>
<arg>administrador=true</arg>
<doc>Creates and returns a dictionary based on the given ``items``.</doc>
<status status="PASS" start="2024-03-21T13:33:32.092683" elapsed="0.000998"/>
</kw>
<kw name="Log" owner="BuiltIn">
<msg time="2024-03-21T13:33:32.094678" level="INFO">{'nome': 'Weslley da Silva', 'email': 'wibf@emaitest.com', 'password': '47007', 'administrador': 'true'}</msg>
<arg>${body}</arg>
<doc>Logs the given message with the given level.</doc>
<status status="PASS" start="2024-03-21T13:33:32.093681" elapsed="0.000997"/>
</kw>
<kw name="Cria sessão na ServeRest" owner="api_testing_usuarios">
<kw name="Create Dictionary" owner="BuiltIn">
<msg time="2024-03-21T13:33:32.095672" level="INFO">${headers} = {'accept': 'application/json', 'Content-type': 'application/json'}</msg>
<var>${headers}</var>
<arg>accept=application/json</arg>
<arg>Content-type=application/json</arg>
<doc>Creates and returns a dictionary based on the given ``items``.</doc>
<status status="PASS" start="2024-03-21T13:33:32.095672" elapsed="0.000997"/>
</kw>
<kw name="Create Session" owner="RequestsLibrary">
<msg time="2024-03-21T13:33:32.097666" level="INFO">Creating Session using : alias=ServeRest, url=https://serverest.dev, headers={'accept': 'application/json', 'Content-type': 'application/json'},                     cookies={}, auth=None, timeout=None, proxies=None, verify=False,                     debug=0 </msg>
<arg>alias=ServeRest</arg>
<arg>url=https://serverest.dev</arg>
<arg>headers=${headers}</arg>
<doc>Create Session: create a HTTP session to a server</doc>
<status status="PASS" start="2024-03-21T13:33:32.096669" elapsed="0.000997"/>
</kw>
<status status="PASS" start="2024-03-21T13:33:32.094678" elapsed="0.003987"/>
</kw>
<kw name="POST On Session" owner="RequestsLibrary">
<msg time="2024-03-21T13:33:32.456708" level="INFO">POST Request : url=https://serverest.dev/usuarios 
 path_url=/usuarios 
 headers={'User-Agent': 'python-requests/2.31.0', 'Accept-Encoding': 'gzip, deflate', 'accept': 'application/json', 'Connection': 'keep-alive', 'Content-type': 'application/json', 'Content-Length': '104'} 
 body=b'{"nome": "Weslley da Silva", "email": "wibf@emaitest.com", "password": "47007", "administrador": "true"}' 
 </msg>
<msg time="2024-03-21T13:33:32.456708" level="INFO">POST Response : url=https://serverest.dev/usuarios 
 status=400, reason=Bad Request 
 headers={'access-control-allow-origin': '*', 'x-dns-prefetch-control': 'off', 'x-frame-options': 'SAMEORIGIN', 'strict-transport-security': 'max-age=15552000; includeSubDomains', 'x-download-options': 'noopen', 'x-content-type-options': 'nosniff', 'x-xss-protection': '1; mode=block', 'content-type': 'application/json; charset=utf-8', 'X-Cloud-Trace-Context': '7b6109545c01aa8dc1b69200e0f719c1', 'Date': 'Thu, 21 Mar 2024 16:33:32 GMT', 'Server': 'Google Frontend', 'Content-Length': '53'} 
 body={
    "message": "Este email já está sendo usado"
} 
 </msg>
<msg time="2024-03-21T13:33:32.456708" level="INFO">C:\Users\Pc\AppData\Local\Programs\Python\Python312\Lib\site-packages\urllib3\connectionpool.py:1103: InsecureRequestWarning: Unverified HTTPS request is being made to host 'serverest.dev'. Adding certificate verification is strongly advised. See: https://urllib3.readthedocs.io/en/latest/advanced-usage.html#tls-warnings
  warnings.warn(</msg>
<msg time="2024-03-21T13:33:32.458701" level="INFO">${resposta} = &lt;Response [400]&gt;</msg>
<var>${resposta}</var>
<arg>alias=ServeRest</arg>
<arg>url=/usuarios</arg>
<arg>json=${body}</arg>
<arg>expected_status=${status_code_desejado}</arg>
<doc>Sends a POST request on a previously created HTTP Session.</doc>
<status status="PASS" start="2024-03-21T13:33:32.098665" elapsed="0.360036"/>
</kw>
<kw name="Log" owner="BuiltIn">
<msg time="2024-03-21T13:33:32.460701" level="INFO">{'message': 'Este email já está sendo usado'}</msg>
<arg>${resposta.json()}</arg>
<doc>Logs the given message with the given level.</doc>
<status status="PASS" start="2024-03-21T13:33:32.458701" elapsed="0.002000"/>
</kw>
<kw name="Set Test Variable" owner="BuiltIn">
<msg time="2024-03-21T13:33:32.462690" level="INFO">${RESPOSTA} = {'message': 'Este email já está sendo usado'}</msg>
<arg>${RESPOSTA}</arg>
<arg>${resposta.json()}</arg>
<doc>Makes a variable available everywhere within the scope of the current test.</doc>
<status status="PASS" start="2024-03-21T13:33:32.460701" elapsed="0.001989"/>
</kw>
<arg>email=${EMAIL_TEST}</arg>
<arg>status_code_desejado=400</arg>
<status status="PASS" start="2024-03-21T13:33:32.092683" elapsed="0.370007"/>
</kw>
<status status="PASS" start="2024-03-21T13:33:32.091682" elapsed="0.371008"/>
</kw>
<kw name="Verificar se a API não permitiu o cadastro repetido" owner="api_testing_usuarios">
<kw name="Dictionary Should Contain Item" owner="Collections">
<msg time="2024-03-21T13:33:32.464685" level="INFO">False
False</msg>
<arg>${RESPOSTA}</arg>
<arg>message</arg>
<arg>Este email já está sendo usado</arg>
<doc>An item of ``key`` / ``value`` must be found in a ``dictionary``.</doc>
<status status="PASS" start="2024-03-21T13:33:32.463689" elapsed="0.000996"/>
</kw>
<status status="PASS" start="2024-03-21T13:33:32.463689" elapsed="0.000996"/>
</kw>
<status status="PASS" start="2024-03-21T13:33:31.633907" elapsed="0.831776"/>
</test>
<status status="PASS" start="2024-03-21T13:33:30.301471" elapsed="2.166210"/>
</suite>
<statistics>
<total>
<stat pass="2" fail="0" skip="0">All Tests</stat>
</total>
<tag>
</tag>
<suite>
<stat pass="2" fail="0" skip="0" id="s1" name="Api Testing Usuarios">Api Testing Usuarios</stat>
</suite>
</statistics>
<errors>
</errors>
</robot>
